<?xml version="1.0" encoding="UTF-8"?>
<coverage generated="1624373016968" clover="3.2.0">
  <project timestamp="1624373016969" name="All files">
    <metrics statements="21" coveredstatements="19" conditionals="4" coveredconditionals="4" methods="10" coveredmethods="9" elements="35" coveredelements="32" complexity="0" loc="21" ncloc="21" packages="1" files="4" classes="4"/>
    <file name="index.js" path="/Users/300041371/Downloads/ReactTestLibrary/react-test-library-practice/src/index.js">
      <metrics statements="2" coveredstatements="0" conditionals="0" coveredconditionals="0" methods="1" coveredmethods="0"/>
      <line num="8" count="0" type="stmt"/>
      <line num="44" count="0" type="stmt"/>
    </file>
    <file name="on-click-window-open.js" path="/Users/300041371/Downloads/ReactTestLibrary/react-test-library-practice/src/on-click-window-open.js">
      <metrics statements="7" coveredstatements="7" conditionals="4" coveredconditionals="4" methods="4" coveredmethods="4"/>
      <line num="4" count="1" type="stmt"/>
      <line num="5" count="3" type="stmt"/>
      <line num="6" count="3" type="stmt"/>
      <line num="7" count="1" type="stmt"/>
      <line num="9" count="3" type="stmt"/>
      <line num="14" count="1" type="stmt"/>
      <line num="15" count="2" type="stmt"/>
    </file>
    <file name="test_hook.js" path="/Users/300041371/Downloads/ReactTestLibrary/react-test-library-practice/src/test_hook.js">
      <metrics statements="7" coveredstatements="7" conditionals="0" coveredconditionals="0" methods="3" coveredmethods="3"/>
      <line num="4" count="1" type="stmt"/>
      <line num="5" count="4" type="stmt"/>
      <line num="7" count="4" type="stmt"/>
      <line num="8" count="1" type="stmt"/>
      <line num="11" count="4" type="stmt"/>
      <line num="12" count="1" type="stmt"/>
      <line num="15" count="4" type="stmt"/>
    </file>
    <file name="test_hook_main.js" path="/Users/300041371/Downloads/ReactTestLibrary/react-test-library-practice/src/test_hook_main.js">
      <metrics statements="5" coveredstatements="5" conditionals="0" coveredconditionals="0" methods="2" coveredmethods="2"/>
      <line num="5" count="1" type="stmt"/>
      <line num="6" count="2" type="stmt"/>
      <line num="7" count="2" type="stmt"/>
      <line num="8" count="1" type="stmt"/>
      <line num="11" count="2" type="stmt"/>
    </file>
  </project>
</coverage>
