TN:
SF:src/component-did-catch.js
FN:6,(anonymous_0)
FN:10,(anonymous_1)
FN:19,Bomb
FN:23,BombButton
FN:25,(anonymous_4)
FNF:5
FNH:5
FNDA:1,(anonymous_0)
FNDA:3,(anonymous_1)
FNDA:3,Bomb
FNDA:3,BombButton
FNDA:1,(anonymous_4)
DA:5,1
DA:7,1
DA:8,1
DA:11,3
DA:20,3
DA:24,3
DA:25,2
DA:26,2
LF:8
LH:8
BRDA:11,0,0,1
BRDA:11,0,1,2
BRDA:28,1,0,1
BRDA:28,1,1,1
BRF:4
BRH:4
end_of_record
TN:
SF:src/fetch-greeting.js
FN:10,greetingReducer
FN:30,FetchGreeting
FN:37,(anonymous_2)
FN:40,(anonymous_3)
FN:46,(anonymous_4)
FNF:5
FNH:5
FNDA:2,greetingReducer
FNDA:5,FetchGreeting
FNDA:2,(anonymous_2)
FNDA:1,(anonymous_3)
FNDA:1,(anonymous_4)
DA:5,1
DA:11,2
DA:13,1
DA:19,1
DA:25,0
DA:31,5
DA:35,5
DA:37,5
DA:38,2
DA:41,1
DA:42,1
DA:43,1
DA:44,1
DA:47,1
DA:51,5
DA:53,5
LF:16
LH:15
BRDA:11,0,0,1
BRDA:11,0,1,1
BRDA:11,0,2,0
BRDA:51,1,0,1
BRDA:51,1,1,4
BRDA:58,2,0,5
BRDA:58,2,1,2
BRDA:59,3,0,5
BRDA:59,3,1,1
BRF:9
BRH:8
end_of_record
TN:
SF:src/index.js
FN:6,App
FNF:1
FNH:0
FNDA:0,App
DA:7,0
DA:42,0
LF:2
LH:0
BRF:0
BRH:0
end_of_record
TN:
SF:src/lazy-component.js
FN:3,LazyComponent
FNF:1
FNH:1
FNDA:2,LazyComponent
DA:4,2
LF:1
LH:1
BRF:0
BRH:0
end_of_record
TN:
SF:src/on-click-window-open.js
FN:4,(anonymous_0)
FN:6,(anonymous_1)
FN:14,(anonymous_2)
FN:15,(anonymous_3)
FNF:4
FNH:4
FNDA:3,(anonymous_0)
FNDA:1,(anonymous_1)
FNDA:1,(anonymous_2)
FNDA:2,(anonymous_3)
DA:4,1
DA:5,3
DA:6,3
DA:7,1
DA:9,3
DA:14,1
DA:15,2
LF:7
LH:7
BRDA:17,0,0,2
BRDA:17,0,1,1
BRDA:22,1,0,3
BRDA:22,1,1,1
BRF:4
BRH:4
end_of_record
TN:
SF:src/on-click-window-replace.js
FN:4,(anonymous_0)
FN:6,(anonymous_1)
FN:14,(anonymous_2)
FN:15,(anonymous_3)
FNF:4
FNH:4
FNDA:3,(anonymous_0)
FNDA:1,(anonymous_1)
FNDA:1,(anonymous_2)
FNDA:2,(anonymous_3)
DA:4,1
DA:5,3
DA:6,3
DA:7,1
DA:9,3
DA:14,1
DA:15,2
LF:7
LH:7
BRDA:17,0,0,2
BRDA:17,0,1,1
BRDA:22,1,0,3
BRDA:22,1,1,1
BRF:4
BRH:4
end_of_record
TN:
SF:src/react-context.js
FN:5,(anonymous_0)
FN:12,(anonymous_1)
FN:14,(anonymous_2)
FNF:3
FNH:3
FNDA:2,(anonymous_0)
FNDA:3,(anonymous_1)
FNDA:3,(anonymous_2)
DA:3,1
DA:5,1
DA:6,2
DA:7,2
DA:12,1
DA:13,3
DA:14,3
LF:7
LH:7
BRF:0
BRH:0
end_of_record
TN:
SF:src/react-router.js
FN:10,(anonymous_0)
FN:11,(anonymous_1)
FN:12,(anonymous_2)
FN:14,(anonymous_3)
FN:20,(anonymous_4)
FNF:5
FNH:5
FNDA:1,(anonymous_0)
FNDA:1,(anonymous_1)
FNDA:1,(anonymous_2)
FNDA:4,(anonymous_3)
FNDA:2,(anonymous_4)
DA:10,1
DA:11,1
DA:12,1
DA:14,1
DA:15,4
DA:17,4
DA:20,1
DA:21,2
LF:8
LH:8
BRF:0
BRH:0
end_of_record
TN:
SF:src/utils.js
FN:1,reportError
FNF:1
FNH:0
FNDA:0,reportError
DA:4,0
LF:1
LH:0
BRF:0
BRH:0
end_of_record
