TN:
SF:src/index.js
FN:7,App
FNF:1
FNH:0
FNDA:0,App
DA:8,0
DA:44,0
LF:2
LH:0
BRF:0
BRH:0
end_of_record
TN:
SF:src/on-click-window-open.js
FN:4,(anonymous_0)
FN:6,(anonymous_1)
FN:14,(anonymous_2)
FN:15,(anonymous_3)
FNF:4
FNH:4
FNDA:3,(anonymous_0)
FNDA:1,(anonymous_1)
FNDA:1,(anonymous_2)
FNDA:2,(anonymous_3)
DA:4,1
DA:5,3
DA:6,3
DA:7,1
DA:9,3
DA:14,1
DA:15,2
LF:7
LH:7
BRDA:17,0,0,2
BRDA:17,0,1,1
BRDA:22,1,0,3
BRDA:22,1,1,1
BRF:4
BRH:4
end_of_record
TN:
SF:src/test_hook.js
FN:4,(anonymous_0)
FN:7,(anonymous_1)
FN:11,(anonymous_2)
FNF:3
FNH:3
FNDA:4,(anonymous_0)
FNDA:1,(anonymous_1)
FNDA:1,(anonymous_2)
DA:4,1
DA:5,4
DA:7,4
DA:8,1
DA:11,4
DA:12,1
DA:15,4
LF:7
LH:7
BRF:0
BRH:0
end_of_record
TN:
SF:src/test_hook_main.js
FN:5,(anonymous_0)
FN:7,(anonymous_1)
FNF:2
FNH:2
FNDA:2,(anonymous_0)
FNDA:1,(anonymous_1)
DA:5,1
DA:6,2
DA:7,2
DA:8,1
DA:11,2
LF:5
LH:5
BRF:0
BRH:0
end_of_record
